<?xml version="1.0" encoding="UTF-8"?>
<testng-results skipped="0" failed="0" total="2" passed="2">
  <reporter-output>
  </reporter-output>
  <suite name="appium_grid" duration-ms="85439" started-at="2018-01-10T08:16:39Z" finished-at="2018-01-10T08:18:04Z">
    <groups>
    </groups>
    <test name="iPhone 7" duration-ms="85093" started-at="2018-01-10T08:16:39Z" finished-at="2018-01-10T08:18:04Z">
      <class name="ShoppingTest">
        <test-method status="PASS" signature="setUp(java.lang.String, java.lang.String, java.lang.String)[pri:0, instance:ShoppingTest@724af044]" name="setUp" is-config="true" duration-ms="39201" started-at="2018-01-10T16:16:39Z" finished-at="2018-01-10T16:17:18Z">
          <params>
            <param index="0">
              <value>
                <![CDATA[4723]]>
              </value>
            </param>
            <param index="1">
              <value>
                <![CDATA[iPhone 7]]>
              </value>
            </param>
            <param index="2">
              <value>
                <![CDATA[8100]]>
              </value>
            </param>
          </params>
          <reporter-output>
          </reporter-output>
        </test-method> <!-- setUp -->
        <test-method status="PASS" signature="searchFood()[pri:0, instance:ShoppingTest@724af044]" name="searchFood" duration-ms="45652" started-at="2018-01-10T16:17:18Z" finished-at="2018-01-10T16:18:04Z">
          <reporter-output>
          </reporter-output>
        </test-method> <!-- searchFood -->
        <test-method status="PASS" signature="tearDown()[pri:0, instance:ShoppingTest@724af044]" name="tearDown" is-config="true" duration-ms="230" started-at="2018-01-10T16:18:04Z" finished-at="2018-01-10T16:18:04Z">
          <reporter-output>
          </reporter-output>
        </test-method> <!-- tearDown -->
      </class> <!-- ShoppingTest -->
    </test> <!-- iPhone 7 -->
    <test name="iPhone 8" duration-ms="85439" started-at="2018-01-10T08:16:39Z" finished-at="2018-01-10T08:18:04Z">
      <class name="ShoppingTest">
        <test-method status="PASS" signature="setUp(java.lang.String, java.lang.String, java.lang.String)[pri:0, instance:ShoppingTest@61832929]" name="setUp" is-config="true" duration-ms="39201" started-at="2018-01-10T16:16:39Z" finished-at="2018-01-10T16:17:18Z">
          <params>
            <param index="0">
              <value>
                <![CDATA[4724]]>
              </value>
            </param>
            <param index="1">
              <value>
                <![CDATA[iPhone 8]]>
              </value>
            </param>
            <param index="2">
              <value>
                <![CDATA[8200]]>
              </value>
            </param>
          </params>
          <reporter-output>
          </reporter-output>
        </test-method> <!-- setUp -->
        <test-method status="PASS" signature="searchFood()[pri:0, instance:ShoppingTest@61832929]" name="searchFood" duration-ms="46013" started-at="2018-01-10T16:17:18Z" finished-at="2018-01-10T16:18:04Z">
          <reporter-output>
          </reporter-output>
        </test-method> <!-- searchFood -->
        <test-method status="PASS" signature="tearDown()[pri:0, instance:ShoppingTest@61832929]" name="tearDown" is-config="true" duration-ms="216" started-at="2018-01-10T16:18:04Z" finished-at="2018-01-10T16:18:04Z">
          <reporter-output>
          </reporter-output>
        </test-method> <!-- tearDown -->
      </class> <!-- ShoppingTest -->
    </test> <!-- iPhone 8 -->
  </suite> <!-- appium_grid -->
</testng-results>
